<?xml version="1.0" encoding="UTF-8"?>
<!-- Generated by org.testng.reporters.JUnitReportReporter -->
<testsuite hostname="DESKTOP-I35D3F1" failures="0" tests="1" name="Guru99_Demo_Ecommerce_Project_Magneto_TestCases.Day1_Script" time="10.646" errors="0" timestamp="2022-09-30T14:40:03 IST" skipped="0">
  <testcase classname="Guru99_Demo_Ecommerce_Project_Magneto_TestCases.Day1_Script" name="Selectthedropdown_004" time="10.646"/>
  <system-out/>
</testsuite> <!-- Guru99_Demo_Ecommerce_Project_Magneto_TestCases.Day1_Script -->
