<?xml version="1.0" encoding="UTF-8"?>
<!-- Generated by org.testng.reporters.JUnitReportReporter -->
<testsuite hostname="DESKTOP-I35D3F1" failures="0" tests="1" name="Guru99_Demo_Ecommerce_Project_Magneto_TestCases.Day8_Script" time="19.791" errors="0" timestamp="2022-10-04T13:31:07 IST" skipped="0">
  <testcase classname="Guru99_Demo_Ecommerce_Project_Magneto_TestCases.Day8_Script" name="ReorderandChangeQty" time="19.791"/>
  <system-out/>
</testsuite> <!-- Guru99_Demo_Ecommerce_Project_Magneto_TestCases.Day8_Script -->
