<?xml version="1.0" encoding="UTF-8"?>
<!-- Generated by org.testng.reporters.JUnitReportReporter -->
<testsuite hostname="DESKTOP-I35D3F1" failures="0" tests="1" name="Guru99_Demo_Ecommerce_Project_Magneto_TestCases.Day3_Script" time="11.854" errors="0" timestamp="2022-09-30T16:21:44 IST" skipped="0">
  <testcase classname="Guru99_Demo_Ecommerce_Project_Magneto_TestCases.Day3_Script" name="verifyMsgafterEmptyCart" time="11.854"/>
  <system-out/>
</testsuite> <!-- Guru99_Demo_Ecommerce_Project_Magneto_TestCases.Day3_Script -->
